'I2PD18851',W1AC28
4847,W19680
'I2PD18528',W1AC43
'I3CN5461',W3CN545
'I4PD2795',W1PD133164
unsupported operand type(s) for +: 'float' and 'str',W00EGS1017555
'I4PD3943',W1AC36
4791,W17722
'I2PD17598',W1AC41
'I3CN5260',W3CN525
4814,W21997
4197,W20214
403 {"message": "You have exceeded a secondary rate limit and have been temporarily blocked from content creation. Please retry your request again later.", "documentation_url": "https://docs.github.com/rest/overview/resources-in-the-rest-api#secondary-rate-limits"},W2PD20797
403 {"message": "You have exceeded a secondary rate limit and have been temporarily blocked from content creation. Please retry your request again later.", "documentation_url": "https://docs.github.com/rest/overview/resources-in-the-rest-api#secondary-rate-limits"},W1AC225
403 {"message": "You have exceeded a secondary rate limit and have been temporarily blocked from content creation. Please retry your request again later.", "documentation_url": "https://docs.github.com/rest/overview/resources-in-the-rest-api#secondary-rate-limits"},W3CN4314
403 {"message": "You have exceeded a secondary rate limit and have been temporarily blocked from content creation. Please retry your request again later.", "documentation_url": "https://docs.github.com/rest/overview/resources-in-the-rest-api#secondary-rate-limits"},W30037
403 {"message": "You have exceeded a secondary rate limit and have been temporarily blocked from content creation. Please retry your request again later.", "documentation_url": "https://docs.github.com/rest/overview/resources-in-the-rest-api#secondary-rate-limits"},W3CN3397
403 {"message": "You have exceeded a secondary rate limit and have been temporarily blocked from content creation. Please retry your request again later.", "documentation_url": "https://docs.github.com/rest/overview/resources-in-the-rest-api#secondary-rate-limits"},W1PD90704
4893,W22061
403 {"message": "You have exceeded a secondary rate limit and have been temporarily blocked from content creation. Please retry your request again later.", "documentation_url": "https://docs.github.com/rest/overview/resources-in-the-rest-api#secondary-rate-limits"},W1AC426
403 {"message": "You have exceeded a secondary rate limit and have been temporarily blocked from content creation. Please retry your request again later.", "documentation_url": "https://docs.github.com/rest/overview/resources-in-the-rest-api#secondary-rate-limits"},W1AC218
