I6EB405D9,རྔོག་སློབ་བརྒྱུད་དང་བཅས་པའི་གསུང་འབུམ།,W1KG16666
I3DA1616D,སྒམ་པོའི་གདན་རབས་རིམ་བྱོན་གྱི་གསུང་འབུམ།,W1AC309
I31F08544,གསུང་རབ་སྒོ་མཛོད་རིན་པོ་ཆེའི་གླེགས་བམ།,W4PD502
ID8BACBB1,བསྟན་བཅོས་མངོན་རྟོགས་རྒྱན་ཚིག་དོན་གྱི་སྒོ་ནས་བཤད་པ་བྱམས་མགོན་ཞལ་ལུང་།,W1AC50
IAC23BB41,གསུང་འབུམ། ཡེ་ཤེས་རྒྱལ་མཚན།,W1KG16655
I11964F73,པོད་ཆེན་དྲུག་རྩ་འགྲེལ་ཕྱོགས་བསྒྲིགས།,W1PD181143
I60CCBFB2,རྒྱན་འཇུག་གཉིས་དང་བསྟོད་ཆེན་བཞི།,W1AC55
IA24B2885,དགའ་ལྡན་ལྷ་བརྒྱ་མ་དང་ཐུན་དྲུག་གི་འཁྲིད་སོགས།,W1KG25243
IEFA32E69,གསུང་འབུམ། ངག་དབང་བློ་བཟང་རྒྱ་མཚོ།,W1PD107937
IEA52EE2E,གསུང་འབུམ། ཤཱཀྱ་མཆོག་ལྡན།,W1KG16652
IB80F7850,གསུང་འབུམ། གྲགས་པ་བཤད་སྒྲུབ། ༼གློག་ཀླད་པར་མ།༽,W1KG13759
I10F74A1D,སྒོ་བཞི་མཛོད་ལྔའི་ཡང་བཅུད།,W3PD398
I6CA64400,འབྲུག་པ་ཀུན་ལེགས་ཀྱི་རང་རྣམ།,W29152
I11B27745,འཕགས་ཡུལ་རྒྱན་དྲུག་མཆོག་གཉིས་ཀྱི་ཞལ་ལུང་།,W3CN3408
I32BDB0DA,ལེགས་བཤད་ཟླ་བའི་སྣང་བ།,W1AT884
IFFF3FCF6,གསུང་འབུམ། དྲི་མེད་འོད་ཟེར། （དཔལ་བརྩེགས། མེས་པོའི་ཤུལ་བཞག）,W1KG4884
IE4EC34A8,ཀུན་མཁྱེན་འཇམ་དབྱངས་བཞད་པའི་འདུལ་བའི་སྤྱི་དོན།,W1KG17114
IBBE88D74,གསུང་འབུམ། གོ་རམས་པ་བསོད་ནམས་སེངྒེ,W1KG16651
I0C772155,གསང་སྔགས་ངག་དོན་འཕྲུལ་གྱི་ལྡེ་མིག་སོགས། （མཚན་ཉིད་སྐོར།）,W3PD415
I8E7974FD,བོད་ཀྱི་བརྡ་སྤྲོད་ཕྱོགས་བསྒྲིགས།,W3CN3425
I5931311E,བསྙུང་གནས་ཀྱི་རྣམ་བཤད་དང་ཕན་ཡོན་སྐོར་ཕྱོགས་བསྒྲིགས།,W1KG13001
I26F4EA2B,ཨེ་ཝཾ་བཀའ་འབུམ་ཁ་སྐོང་།,W1AC308
IFDC88B61,རང་བཞིན་རྫོགས་པ་ཆེན་པོ་ལས་བརྩམས་ཏེ་ལྷའི་ཟླ་བས་དྲིས་པའི་ལན་གསང་བའི་གཏེར་མཛོད།,W3CN5387
IAAFA5DF0,གསུང་འབུམ། སྐལ་བཟང་ཆོས་ཀྱི་རྒྱལ་མཚན།,W1AC242
I2FC4B3E1,ཤར་རྫ་པ་བཀྲ་ཤིས་རྒྱལ་མཚན་གྱི་གསུང་འབུམ།,W1PD133161
I7D011308,གསུང་འབུམ། ཆོས་ཀྱི་རྒྱལ་མཚན།,W1AC364
I57B775F7,རྒྱལ་པོ་མདོ་བཅུའི་རྩ་འགྲེལ་ཕྱོགས་བསྒྲིགས།,W3CN5823
I70F7713C,འགྲེལ་པ་དོན་གསལ་དང་། རྣམ་བཤད་སྙིང་པོ་རྒྱན་གྱི་དགོངས་འགྲེལ་ཚིག་དོན་རབ་གསལ།,W1KG16455
ICAE96555,རྒྱུད་བཞིའི་འགྲེལ་བ་མེས་པོའི་ཞལ་ལུང་། སྨད་ཆ།,W8LS19192
I5E4FCCEE,ཕྱག་རྒྱ་ཆེན་པོའི་སྒྲོས་འབུམ།,W1AC327
I34BBC914,ཕྱག་ཆེན་རྒྱ་གཞུང་།,W1AC321
IBF440FCF,བསྟན་རིམ་ཆེན་མོ།,W1KG24221
I366C6B99,བཅོས་དཀའི་ནད་ཀྱི་གཉེན་པོའི་སྨན་སྦྱོར་གཅེས་བཏུས།,W00KG07624
I9B510528,མཁས་འཇུག་གི་རྩ་བ་དང་སྡོམ་བྱང་།,W3CN5459
IC79F9871,འཇམ་མགོན་ཆོས་ཀྱི་རྒྱལ་པོ་ཙོང་ཁ་པ་ཆེན་པོའི་རྣམ་ཐར།,W1KG8584
I28022227,རླབས་ཆེན་གྱི་བྱ་བཞག་འདིས་རླབས་ཆེན་གྱི་མི་སྣ་མཚོན།,W8LS20504
I51F051B3,ཕན་བདེའི་འཇུག་ངོགས།,W1KG8471
IBE858C4D,གསུང་འབུམ། པཎ་ཆེན་བསོད་ནམས་གྲགས་པ།,W3CN7829
I0C33FDC4,གསུང་ཐོར་བུ། བློ་བཟང་དཔལ་ལྡན།,W00KG08430
I5C5C6EC8,གསུང་འབུམ། རེད་མདའ་བ་གཞོན་ནུ་བློ་གྲོས།,W3CN3417
I281C46F7,རིས་མེད་ཆོས་རིག་གཏེར་མཛོད་ལས། ཐེངས་གཉིས་པ་དང་གསུམ་པ།,W3CN7099
IBE9E0CE3,གསུང་འབུམ། བློ་གྲོས་གྲགས་པ།,W4CZ34105
IA0093088,ཕྱག་ཆེན་སྔོན་འགྲོའི་ངག་འདོན།,W3CN5177
IBD638543,དྲི་བཟང་ཐུལ་བའི་སྨན་ལྗོངས།,W00EGS1017422
IF90D6F2D,དུས་ཀྱི་འཁོར་ལོའི་སྤྱི་དོན། ༼དེབ་གཉིས་པ།༽,W3CN4347
I619646D7,གསུང་འབུམ། སྒམ་པོ་པའི་གདན་རབས་རིམ་བྱོན།（1-5）,W3CN8060
I4138AD2D,རིམ་ལྔའི་མཐའ་དཔྱོད་གསང་དོན་ཀུནྡ་བཞད་པའི་ལེགས་བཤད་རྒྱུ་སྐར་བདག་པོ།,W1KG25192
IA9294D8D,གཙང་སྟོད་ཟིན་ཐིག་དང་ཡང་ཐིག,W2DB13635
I003F45BF,བསླབ་བྱ་ནོར་བུའི་གླིང་དུ་བགྲོད་པའི་ལམ་ཡིག་སོགས་བསླབ་བྱ་སྣ་ཚོགས།,W1KG25171
I9244B62A,གསུང་འབུམ། ཙོང་ཁ་པ།,W3PD188
I30A3E273,མན་ངག་རིན་ཆེན་འཕྲེང་བ་བྲང་ཏིའི་ལྷ་རྗེའི་ཁྱད་ཆོས་གསེར་བྲེ་མ།,W8LS20658
I8B80094B,ངེས་ཤེས་རིན་པོ་ཆེའི་སྒྲོན་མེད་དང་མཁས་འཇུག་གི་སྡོམ་བྱང་།,W2PD19386
I4044DFD1,གཏེར་འབྱུང་ཆེན་མོ་དང་དྲི་བ་སོགས།,W3CN4346
IBD13E580,བླ་མ་ཨོ་རྒྱན་ཆེན་པོ་རྗེས་སུ་དྲན་པའི་ཆོས་ཚན་ཕྱོགས་བསྒྲིགས།,W3CN5333
I6A55FC46,གསུང་འབུམ། བློ་བཟང་འཇམ་དབྱངས་སྨོན་ལམ།,W1KG15817
IABC23193,མ་ཎི་བཀའ་འབུམ།,W3CN5561
IAF66A7E8,ཕྱི་མ་རྒྱུད་ཀྱི་འགྲེལ་བ་ཕྱོགས་བསྒྲིགས།,W1KG14623
I279042EE,བློ་བཟང་དགོངས་རྒྱན་མུ་ཏིག་ཕྲེང་མཛེས་དེབ་ཞེ་བཞི་པ།,W1KG24061
I8FCAD829,རྫོགས་པ་ཆེན་པོ་བསྒྲགས་པ་སྐོར་གསུམ།,W3PD403
IBA51040F,འཇམ་དཔལ་མཚན་བརྗོད་ཀྱི་འགྲེལ་པ་བསྟོད་སྤྲིན་གྱི་སྒྲ་དབྱངས།,W1KG18172
I2A9D778B,ཤེས་བརྩོན་གྱི་སྟོབས།,W2PD19200
IE91456FF,རྫོགས་པ་ཆེན་པོ་ཀློང་ཆེན་སྙིང་ཐིག་གི་ཁྲིད་ཡིག་ཡེ་ཤེས་བླ་མ།,W3CN4273
I700A35C7,བོད་ཀྱི་བཀྲ་ཤིས་པའི་རྒྱུན་རིས་གསར་འགྲེལ།,W3PD430
I7EDF074A,ཚད་མ་རྣམ་ངེས་རྩ་འགྲེལ།,W3CN7889
ICB123429,ཡར་ལུང་གསོ་རིག,W8LS20254
I64669631,གསུང་འབུམ། བློ་བཟང་ཚེ་བརྟན།,W1AC29
I4F141EFE,རྗེ་ཙོང་ཁ་པ་ཡབ་སྲས་ཀྱིས་མཛད་པའི་ལྟ་བའི་གསུང་རྩོམ་ཕྱོགས་བསྡུས།,W1KG25065
ID3701FFB,བློ་བཟང་དགོངས་རྒྱན་མུ་ཏིག་ཕྲེང་མཛེས་དེབ་བཅུ་གཉིས་པ།,W1KG23738
I9B73A322,འདུལ་བ་མདོ་རྩ་བའི་མཆན་འགྲེལ།༼གཞི་སྟོད༽༼གཞི་སྨད༽,W1AC31
I366AED77,འདུལ་བ་ལས་ཆོག་རྣམ་རྒྱལ་གསེར་མདོག,W1KG25210
I6446F150,དམ་ཆོས་དགོངས་པ་གཅིག་པའི་ཀར་ཊཱིཀ་ཆེན་མོ།,W4PD2014
I6685101E,སྙིང་ཐིག་ཡ་བཞི།,W2PD19078
I5F5552CF,དམངས་སྲོལ་རིག་པ་སྤྱི་བཤད།,W8LS18472
I4250C663,ལམ་སྟོན་སྒྲོན་མེའི་ཕྲེང་བ། ༼༢༽,W00EGS1017328
ICCEE1E51,དཔྱལ་གྱི་གདུང་རབས་ཟ་ར་ཚགས་དང་གང་གཱའི་ཆུ་རྒྱུན་གཉིས་གཅིག་ཏུ་བྲིས་པ་ཀུན་གསལ་མེ་ལོང་།,W3CN6495
I3080AA8A,བཅོ་བརྒྱད་ཁྲི་ཆེན་རིན་པོ་ཆེའི་མཛད་རྣམ་མདོར་བསྡུས།,W1KG17214
I430023E3,ཉི་ཟླའི་གསོ་རིག་ཆེད་རྩོམ་གཅེས་བཏུས།,W21663
ID91BCC3C,ཚད་མ་ཀུན་བཏུས་དང་རྣམ་འགྲེལ་གྱི་རྩ་འགྲེལ་གཅེས་བཏུས།,W3CN7892
IAA6A3262,ཚད་མ་རིག་པའི་གཏེར་གྱི་རྩ་བ།,W3CN5054
I9A5A657A,མ་ཅིག་ལབ་སྒྲོན་གྱི་གསུང་རྣམ། དེབ་དང་པོ་དང་གཉིས་པ།,W3CN8036
I6A29D256,བོད་ཀྱི་ཡི་གེའི་སྤྱི་རྣམ་བློ་གསལ་འཇུག་ངོགས།,W3CN4648
IB56CD06D,ལེགས་བཤད་བསྟན་བཅོས་ཕྱོགས་བསྒྲིགས།,W1KG13981
ID7D67446,དམ་པའི་ཆོས་མངོན་པ་ཀུན་ལས་བཏུས་པའི་རྒྱ་ཆེར་འགྲེལ་པ།,W3CN7871
IF0E29004,མཛོད་ལྷ་འགྲེལ།,W3PD405
IDB78C0F0,ཞེ་ཆེ་རྒྱལ་ཚབ་འགྱུར་མེད་པདྨ་རྣམ་རྒྱལ་གྱི་གསུང་འབུམ།,W1PD133163
I65395FBA,དྲང་ངེས་རྣམ་འབྱེད་ཀྱི་དགོངས་པའི་དོན་གསལ་བར་བྱེད་པའི་མེ་ལོང་།,W28799
I412934D9,རྒྱུད་བཞིའི་འགྲེལ་བ་མེས་པོའི་ཞལ་ལུང་། སྟོད་ཆ།,W8LS19189
ID44D6D5D,གསུང་འབུམ། དབང་ཆེན་དགྱེས་རབ་རྡོ་རྗེ།,W4CZ30835
I15248FA5,ཚད་མའི་སྐོར་གྱི་རྒྱ་གཞུང་རྩ་འགྲེལ།,W1KG16156
I9C6BE44F,སྤྱན་རས་གཟིགས་ཀྱི་སྒྲུབ་ཐབས་ཀྱི་འགྲེལ་པ་པད་དཀར་དགྱེས་པའི་རང་གདངས། དེབ་ཕྲེང་བཞི་པ།,W3CN5117
IEDFED185,དབུ་མ་རྩ་བ་ཤེས་རབ་ཀྱི་རྩ་འགྲེལ་གཅེས་བཏུས།,W3CN7886
IDF8E618C,དབུ་མ་རྒྱན་འཇུག་པ་བཞི་བརྒྱ་པའི་རྩ་བ།,W3CN4278
IBECEAC90,སྐྱེ་བ་སྔ་ཕྱིའི་རྣམ་གཞག་དང་ལུགས་གཉིས་གསལ་བའི་མེ་ལོང་།,W3CN4645
IFB7AF7B9,རྗེ་དབོན་པདྨ་ཀུན་གྲོལ་རྣམ་རྒྱལ་གྱི་རང་རྣམ།,W2PD19201
I8D7AF633,ཡར་ཀླུངས་གསོ་རིག,W00KG02530
IBC4CB9AD,ཡིད་བཞིན་རིན་པོ་ཆེའི་མཛོད་རྩ་འགྲེལ།,W3CN4963
IC84BDB31,རྗེ་གུང་ཐང་པའི་ལུགས་ཟུང་བསླབ་བྱ་ལེ་ཚན་སུམ་ཅུ་ལྷག་དང་། དཔལ་སྤྲུལ་རིན་པོ་ཆེའི་གསུང་ལུགས་གཉིས་སྙིང་བཅུད་བཅས།,W1KG24057
I1B38BB41,ཀློང་ཆེན་མཛོད་བདུན།,W1AC16
I0F0BFCC3,མཆོག་སྤྲུལ་གསང་སྔགས་བསྟན་འཛིན་གྱི་རྣམ་ཐར་དད་གསུམ་པདྨོ་འབྱེད་པའི་ཉིན་བྱེད།,W3CN5411
ID379FAC3,རྗེ་བཙུན་གྲུབ་པའི་དབང་ཕྱུག་འགྲོ་འདུལ་དཔའ་བོ་རྡོ་རྗེའི་རྣམ་ཐར།,W1AC333
I1F034444,དྲང་ངེས་ལེགས་བཤད་སྙིང་པོ།,W1KG16133
IDC299CC9,ཆོས་བཞིས་བསྟན་པའི་སྒོ་བསྡུ་བའི་ཚིགས་སུ་བཅད་པ་རྗེ་སྒམ་པོ་པའི་ཞལ་གྱི་གདམས་པ།,W1AC381
I9C677514,བསྡུས་གྲྭའི་རྩ་བ་ཐུན་མོང་བསྡུས་པའི་བསྡོམ་ཚིག་དང་དེའི་འགྲེལ་པ།,W3CN3029
IC2C929AA,རྟ་ནག་རྣམ་འགྲེལ།,W1KG25320
I6F336863,ཙ་རི་ཏྲ་ཤེལ་ཀྱི་འཁོར་ལོའི་ལྟེ་བ་མཚོ་དཀར་སྤྲུལ་པའི་ཕོ་བྲང་གི་གནས་ཡིག,W3CN5258
I6A746A6F,འདུལ་ཊཱིཀ་རིན་ཆེན་འཕྲེང་བ།,W00EGS1016951
I0B5257EF,རིགས་ལམ་སྦྱོང་སྟངས་དང་སྦྱར་བའི་དངོས་གཞིའི་སློབ་དེབ་རིག་པའི་ཉིན་བྱེད།,W1KG15995
I4946984A,དཔལ་རྡོ་རྗེ་འཇིགས་བྱེད་ཆེན་པོའི་དབང་བཤད་སྐུ་གསུམ་རིན་ཆེན་བང་མཛོད།,W1AC39
I05FA917F,ལམ་རིམ་བླ་མ་བརྒྱུད་པའི་རྣམ་ཐར།,W1KG18139
I8A26A61A,དབུ་མ་སྣང་བ།,W1AC223
I1245C5F3,གསུང་འབུམ། ཁྲི་གུང་ཐང་སྐུ་ཕྲེང་དྲུག་པ།,W3CN7913
IFC5B6AB9,ཀུན་མཁྱེན་ངག་གི་དབང་པོའི་རང་རྣམ།,W30429
I4F9DA61C,ལེགས་བཤད་འོད་དཀར་འཕྲེང་བ། ༼༡༥༽,W1KG16213
ID6BE737A,རྒྱལ་སྲས་ལག་ལེན་རྩ་འགྲེལ་གཅེས་བསྡུས།,W1KG25122
I389BE054,བྱང་ཆུབ་སེམས་དཔའི་སྤྱོད་པ་ལ་འཇུག་པའི་སྒྲུང་འགྲེལ་དང་གཏམ་རྒྱུད།,W1KG1796
I81FFA0A9,དག་ཡིག་ལྷ་ཆབ་འཁྱིལ་བ།,W1KG14491
I13513C1B,ཆོས་འབྱུང་ཀུན་བཏུས་པདྨ་དཀར་པོའི་ཆུན་པོ་བློ་གསལ་འདྲེན་བྱེད་བདུད་རྩིའི་དཔལ་ཡོན།,W1KG16208
I4AACD4B2,ཕུགས་ནོར་དང་པོའི་གཟི་དཔལ།,W1KG8317
IF24EB7B4,ཆོས་རྗེ་ནམ་མཁའ་སེང་གེའི་རྣམ་ཐར་དང་མན་ངག་ལྷན་ཐབས་ལྟར་གྱི་ཧ་ནུ་མན་ཐའི་རོལ་རྩེད།,W11757
I101100BF,འདུལ་བའི་ཚིག་ལེའུར་བྱས་པ་མེ་ཏོག་ཕྲེང་རྒྱུད།,W3CN5405
I128D1216,རྒྱལ་སྲས་ལག་ལེན་གྱི་ཟིན་བྲིས་སྨྲ་སེང་ཆོས་རྗེའི་ཞལ་ཁྲིད།,W2PD19374
IB4A77DE4,ལམ་རིམ་ཆུང་ངུའི་ཟིན་བྲིས།,W1KG6256
I8F40DD5E,ཀུན་བཟང་མཉམ་ཉིད་ཀྱི་རྒྱུད་སོགས་སྔགས་རྫོགས་ཀྱི་རྒྱུད་སྡེ།,W3PD406
IDF5CB72D,ཕྱི་གླིང་ལྕགས་རྫོང་།,W1PD137783
I1D1C7C11,ཆོས་འབྱུང་བསྟན་པའི་པདྨ་རྒྱས་པའི་ཉིན་བྱེད།,W1KG4304
I7443A874,འདུལ་འགྲེལ་བློ་གསར་འཇུག་ངོགས་གསེར་གྱི་ཐེམ་སྐས།,W1KG17112
IDC9F8418,བསེ་ཚང་བློ་བཟང་དཔལ་ལྡན་གྱི་གསུང་འབུམ།,W1PD137800
IF21A2EA6,ཡོངས་འཛིན་ཡེ་ཤེས་རྒྱལ་མཚན་གྱི་རྣམ་ཐར་ཐུབ་བསྟན་པདྨོ་རྒྱས་པའི་ཉིན་བྱེད།,W1KG25056
IAA922D41,རྒྱལ་དབང་འབྲུག་པ་དཀར་བརྒྱུད་ཕྲིན་ལས་ཤིང་རྟའི་རྣམ་ཐར།,W1KG4600
IEDCF5AEC,གཉུག་སེམས་སྐོར་གསུམ་དང་གཞུང་སྤྱིའི་དཀའ་གནད།,W1KG13017
I58FA5E85,ལས་འབྲས་ཀྱི་རྣམ་གཞག་བཤད་པའི་ལས་འབྲས་གསལ་བའི་མེ་ལོང་སོགས།,W1KG25153
I31A18936,ཚད་མ་རིག་གཏེར་དར་ཊཱིཀ་དང་བདེན་གཉིས་ཀྱི་དར་ཊཱིཀ,W1KG25195
I858058D6,ལྷ་སའི་དམངས་ཁྲོད་སྒྲུང་གཏམ།,W1KG20929
I742BB9FA,མཁས་དབང་བློ་བཟང་རྒྱ་མཚོའི་བློ་རིགས།,W1KG16464
I33A5348C,བརྡ་སྤྲོད་དཀའ་འགྲེལ།,W3MS838
IE0902F69,འགོག་གླིང་།,W3PD394
I0E33DE44,ལེགས་བཤད་གཅེས་བཏུས།,W3CN5186
I112D198F,གཏན་བདེའི་གཞི་མ་སྲིད་པའི་རྒྱུད་རིམ་ལ་བརྟག་པ་སྟེ་ལེགས་གནས་ཀུན་འདུས།,W1AC35
IB8D48527,ལེགས་བཤད་འོད་དཀར་འཕྲེང་བ། ༼༡༤༽,W1KG16214
IC5149CB7,དབུ་མ་ལ་འཇུག་པའི་ཚིག་འགྲེལ་ལེགས་བཤད་རྗེས་འབྲང་།,W1AC26
I1E54444A,དྭགས་པོ་ཆོས་བཞིའི་རྩ་འགྲེལ།,W1KG18170
IDF067682,གེ་སར་སྒྲུང་གི་ས་མིང་ཞིབ་འཇུག,W1AC361
I21072C7E,གསུང་འབུམ། རྒྱལ་དབང་བསོད་ནམས་རྒྱ་མཚོ།,W1PD137879
I00005045,འདུལ་བའི་སྡེ་སྣོད་ལེགས་བཤད་སྐལ་བཟང་ནོར་བུའི་ཕྲེང་བ།,W1KG25264
IFB324196,ཙ་རི་སྨན་རྫོང་།,W1KG16803
I88F2E4F2,ལམ་རིམ་བདུད་རྩི་སྙིང་པོ།,W1KG25144
I4F64D463,གྲུབ་པའི་རིག་འཛིན་ཆེན་པོ་རང་རིག་རྡོ་རྗེའི་གསུང་གཅེས་བཏུས།,W3CN8185
I40A09D11,ཀུན་མཁྱེན་པདྨ་དཀར་པོའི་རྣམ་ཐར་སྙན་ངག་ཅན་གྱི་འགྲེལ་བ།,W1KG15846
I0611E275,དགའ་ལྡན་ཤར་རྩེའི་ཆོས་སྤྱོད་མཛད་རིམ་ངོ་མཚར་བསྟན་པའི་མཛེས་རྒྱན་ཉིན་བྱེད་སྣང་བའི་ཡང་གསལ།,W1KG24220
I4E914622,སྐབས་བཞི་པའི་སྡོམ་འགྲེལ་དང་ཤེས་ཁྱད་བྱེད་ངོའི་མཚན་ཉིད་བཞིའི་རྣམ་གཞག,W1AC20
ID6796720,མངོན་པ་མཛོད་ཀྱི་རྣམ་བཤད་བློ་གསལ་བློའི་པདྨ་ཁ་འབྱེད།,W1KG25174
I7BAAB10F,ཏཱ་རེ་ལྷ་མོ་དང་ནམ་སྤྲུལ་འཇིགས་མེད་ཕུན་ཚོགས་ཀྱི་གཏེར་ཆོས།,W2PD17467
IDB9E2D2C,རྒྱས་པའི་བསྟན་བཅོས་ཚད་མ་རྣམ་འགྲེལ།,W1AC56
ID74AFCDF,གཞོམ་མེད་ཀྱི་ནཱ་ད།,W3CN547
I0D1F6110,ལྷ་སའི་དམངས་ཁྲོད་ཀྱི་གླུ་གཞས།,W3CN5519
I22F72B64,དམ་པའི་ཆོས་མངོན་པ་མཛོད་ཀྱི་ཚིག་ལེའུར་བྱས་པའི་འགྲེལ་པ་མངོན་པའི་རྒྱན།,W1KG15593
IA121A040,ཚད་མ་རིགས་རྒྱན།,W1KG16157
I1F25088B,ཆོས་མངོན་རིན་ཆེན་འདྲེན་པའི་ཤིང་རྟ།,W1KG25213
I4977B6F9,ཤའི་ཉེས་དམིགས་གནད་ཀྱི་མེ་བཙའ,W1KG18532
ID392E153,སུམ་རྟགས་སྙན་གསུམ་གྱི་རྩ་བ།,W1KG25009
I2C99DB00,བློ་བཟང་དགོངས་རྒྱན་མུ་ཏིག་ཕྲེང་མཛེས་དེབ་སོ་དྲུག་པ།,W1KG24060
I06609B31,སྒྲུབ་ཐབས་ལ་བརྟེན་ནས་རང་གི་ནུ་བོ་བར་སྲིད་དུ་འཁྱམས་པ་དང་འཕྲད་ཚུལ།,W3CN5414
I644942C4,གསུང་འབུམ། དབྲ་སྟོན་ངག་དབང་བསྐལ་བཟང་བསྟན་པའི་རྒྱལ་མཚན།,W4CZ62374
IEE6B3F9C,དེང་རབས་ཀྱི་བཟའ་བཏུང་གི་འཕྲོད་བསྟེན་བྱ་ཚུལ་མདོར་བསྡུས།,W1KG13770
I46D36686,དབུ་མ་དགོངས་རྒྱན་རིན་པོ་ཆེའི་འཕྲེང་བ།,W1KG25267
I43FFAEEA,ཕར་ཕྱིན་མཐའ་དཔྱོད་མཁས་པའི་མགུལ་རྒྱན།,W1KG16139
I3C33C873,བདུད་རྩི་སྨན་གྱི་མདོ་ཆོག,W8LS19177
IC230CF69,རིག་ལམ་ནོར་བུའི་ཕྲེང་བ།,W1KG13779
I0F8E741F,ཡ་ཆེན་ཨོ་རྒྱན་བསམ་གཏན་གླིང་གི་བསང་ཡིག་ཕྱོགས་བསྒྲིགས།,W3CN5429
I00142E06,མདོ་སྡེ་རྒྱན་གྱི་རྣམ་བཤད།,W1KG9031
IC66F2492,ཤ་ཡི་ཉེས་དམིགས།,W1KG18535
I55A15D60,འཚེ་མེད་ཞི་བའི་སློབ་སྟོན།,W1KG18537
I09BB2D50,སྐྱེས་བུ་གསུམ་གྱི་ལམ་གྱི་རིམ་པ་རྒྱས་པ་འཁྲིད་དུ་སྦྱར་བ་བྱང་ཆུབ་ལམ་གྱི་སྒྲོན་མ།,W1AC54
I4BDA440C,རྟགས་རིགས་ཕྱོགས་བསྡུས་རིགས་ལམ་སྒོ་བརྒྱ་འབྱེད་པའི་ལྡེ་མིག,W3CN4798
I92527524,གསུང་འབུམ། སློབ་དཔོན་པདྨ་འབྱུང་གནས།,W1AC305
I5D448BC8,རིན་ཆེན་གཏེར་མཛོད་ཀྱི་དཀར་ཆག་དང་བརྒྱུད་ཡིག་དངོས་གྲུབ་སྒོ་བརྒྱ་འབྱེད་པའི་ལྡེའུ་མིག,W1PD83977
I25899EC7,གསུང་འབུམ། ཤེས་རབ་རྒྱལ་མཚན། ༼གློག་ཀླད་པར་མ།༽,W1AC374
I6E2F5E12,ཐབས་མཁས་པ་ཆེན་པོ་སངས་རྒྱས་དྲིན་ལན་གསབ་པའི་མདོ།,W3CN4339
I9CB911E9,གོ་ར་ཚྭ་རྫོང་།,W1PD105840
I34F9994E,རྒྱལ་རབས་གསལ་བའི་མེ་ལོང་།,W1KG24814
I4454B4A5,མཁར་ནག་ཆོས་འབྱུང་།,W1KG25150
I7770ADBB,ལྷུག་རྩོམ་སྙན་འཇེབས་ཚིག་གི་བདུད་རྩི།,W1KG22949
I87E20E58,བསླབ་སྟོན་གནད་ཀྱི་སྒྲོན་མེ།,W1KG14517
I2344E3ED,དབུ་མ་ལ་འཇུག་པའི་སྤྱི་དོན་སྐལ་བཟང་མགུལ་རྒྱན།,W3CN3435
I44347852,རྨ་འགྲམ་གྱི་ཚོར་སྣང་།,W20221
IE911661E,ཕུར་ལྕོག་ངག་དབང་བྱམས་པའི་གསུང་འབུམ།,W1PD159411
I4C1443BA,ལེགས་བཤད་གསེར་ཕྲེང་།,W1KG16138
ID25D622C,བརྒྱད་སྟོང་འགྲེལ་ཆེན་མངོན་པར་རྟོགས་པའི་རྒྱན་གྱི་སྣང་བ།,W3CN6654
IB1338872,ཆོས་འབྱུང་དྲིས་ལན་བརྒྱ་པ་ལེགས་བཤད་སྙིང་བསྡུས།,W1KG13810
I110E2E0D,བཟོ་རིག་ཕྱོགས་བསྒྲིགས་རི་ཆེན་སྒྲོམ་བུ།,W8LS20245
IC1BB5B11,དགྲ་ལྷའི་ཁྲབ་རྫོང་།,W1PD105846
I54B8387D,ཕྱག་རྒྱ་ཆེན་པོའི་ལྟ་བ་སྤྱི་ཁྱབ་ཏུ་ངོ་སྤྲོད་པའི་ཁྲིད་ཡིག་ཕྱོགས་སྒྲིག,W1PD105884
IFAC9F61B,སྙིང་ཐིག་སྔོན་འགྲོའི་ཁྲིད་ཡིག་ཀུན་བཟང་བླ་མའི་ཞལ་ལུང་།,W3CN4690
I9C4E4B0E,བྱམས་ཆོས་སྡེ་ལྔ་།,W1AC52
IAA39A346,སྲིན་པོ་རྐང་བཀྲའི་གཏམ་རྒྱུད།,W8LS20558
I14453C1F,སློབ་དཔོན་ཀླུ་སྒྲུབ་ཀྱི་སྨན་ཡིག་གཅེས་བཏུས།,W8LS19210
I8D915329,གསང་སྔགས་རྡོ་རྗེ་ཐེག་པའི་སྤྱི་དོན་མདོར་བསྡུས་པ་ལེགས་བཤད་ནོར་བུའི་འོད་ཟེར།,W1AC323
IE0E1B29F,འདུལ་བ་མདོ་རྩའི་རྣམ་བཤད།,W3CN4702
I0B2BDB2A,ཆུ་ཆེན་ལོ་རྒྱུས་དཔྱད་ཡིག,W1KG20639
I413401CC,ལག་ལེན་བདུད་རྩིའི་གཏེར་སྒྲོམ། མན་ངག་བདུད་རྩིའི་བུམ་བཟང་།,W1KG24726
I2544ED42,གསང་ཐུས་ཐིག་ལེའི་བཀོད་པ།,W3PD408
I33EB0D96,ཚད་མ་རིགས་རྒྱན།,W2PD19093
IACDDA818,བསྐུ་མཉེའི་ལག་དེབ།,W30519
IAE4883DF,མེས་པོའི་དགོངས་རྒྱན། རྒྱུད་བཞིའི་འགྲེལ་བ་གཞན་ལ་ཕན་པའི་གཏེར།,W8LS19198
IFDB51DD2,དབུ་མའི་དོགས་གཅོད་རྟེན་འབྱུང་སྙིང་པོ།,W1KG15974
I1A043AC9,བདག་འཛིན་གཤགས་འདེབས་རྩ་འགྲེལ།,W1KG24218
IF5735535,མཁས་དབང་ཚུལ་ཁྲིམས་བློ་གྲོས་ཀྱི་འཆད་ཁྲིད་མཐའ་གཉིས་རབ་གསལ།,W3CN4693
I09FA9E2E,ཀྲུང་གོའི་ལོ་རྒྱུས་རིག་གནས་གྲགས་ཅན་གྲོང་ཁྱེར། ལྷ་ས།,W3PD362
I0CFE31CB,ཚད་མ་རྣམ་འགྲེལ་གྱི་རྩ་བ།,W3CN4970
IE746BECA,ཀློང་རྡོལ་བླ་མའི་རྣམ་ཐར།,W1KG25162
I4589C155,རྡོ་རིང་པཎྜི་ཏ་བསྟན་འཛིན་དཔལ་འབྱོར་ལགས་ཀྱི་སྐུ་ཚེའི་ལོ་རྒྱུས་དང་། གཞས་ཚིག་ཕྱོགས་བསྡུས་དགའ་བའི་གླུ་དབྱངས།,W1KG13792
I5E5E9B06,སྙིང་ཐིག་གི་སྔོན་འགྲོའི་ཟིན་བྲིས།,W3CN4341
I42FBADC2,རྩ་ཤེས་ཀྱི་ཊཱི་ཀ་དང་ཚིག་གསལ་གྱི་དཀའ་གནད་དང་སྤྱི་སྡོམ།,W3CN3438
I909D6EDD,དཔལ་ཡུལ་བའི་མཁས་གྲུབ་འགའི་མཛད་རྣམ་ལྷན་བསྡུས།,W1PD159378
IBD2332C9,བྱང་ཆུབ་ལམ།,W3CN4982
I258FAEAA,སྨྱུང་གནས་ཀྱི་རྣམ་བཤད་དང་ཕན་ཡོན་སྐོར་ཕྱོགས་བསྒྲིགས།,W3CN4918
IBB6838FB,ཤེར་ཕྱིན་མངོན་རྟོགས་རྒྱན་གྱི་འགྲེལ་པ་དང་བཅས་པའི་རྣམ་བཤད་སྙིང་པོའི་རྒྱན་གྱི་དགོངས་དོན་གསལ་བར་བྱེད་པའི་མེ་ལོང་།,W1KG25080
IC0282748,བསམ་གཟུགས་ཀྱི་མཐའ་དཔྱོད་འབྲིང་པོ།,W1KG24612
I416B2616,དབུ་མ་འཇུག་པའི་རང་འགྲེལ།,W1KG25101
IC644D44A,རྗེ་བཙུན་གྲགས་པ་མཁས་གྲུབ་དཔལ་བཟང་པོའི་རྣམ་པར་ཐར་པ་ཐར་འདོད་སྙིང་གི་དགའ་སྟོན།,W1KG25219
I7D178A1A,སྔགས་ཆས་ཀྱི་རྣམ་བཤད།,W1AC360
ID3F16D64,ཤེལ་དཀར་ཆོས་འབྱུང་།,W1KG16556
I14555DB1,ཁྱིམ་གཞིས།,W1KG14603
IAA6A1B51,དཔྱད་རྩོམ་ནོར་བུའི་ཕྲེང་བ། ༼དེབ་ཕྲེང་བཅུ་པ།༽,W2DB4592
I8D522160,དགོད་གཏམ་ཐོས་པ་འཛུམ་ཤོར།,W1AC280
IB54D15BB,བོ་དོང་པའི་ཞལ་འདོན་ཕྱོགས་བསྒྲིགས།,W3CN5141
I699B1D80,འཇིགས་བྱེད་ཆོས་འབྱུང་།,W1KG25168
I349E7EC4,ཡུམ་གསུམ་གནོད་འཇོམས།,W8LS18964
ICE683C06,ས་སྐྱའི་མཁས་གྲུབ་ཆེན་པོ་ཁག་གསུམ་གྱི་རྣམ་ཐར།,W8LS20730
I41DB11DC,རེབ་ཀོང་རུས་མཛོད་ལྟ་བ་མཁའ་ཁྱབ་ཕྱོགས་བྲལ།,W1KG6248
IB5D37413,མངོན་པར་རྟོགས་པའི་རྒྱན།,W3CN5057
I9B55C8E8,ཞལ་འདོན་ཕྱོགས་བསྒྲིགས།,W1KG16928
I8CA9F909,རྗེ་བཙུན་མི་ལའི་གསུང་མགུར་གཅེས་བསྡུས་ངེས་དོན་གདམས་ངག་རོལ་མཚོ།,W3CN4774
I040E4D86,སྟག་ལུང་སྡོམ་གསུམ་རྒྱས་འབྲིང་བསྡུས་པ་ཕྱོགས་གཅིག་ཏུ་བསྒྲིགས་པ།,W1KG15922
I42C2C2F2,མངའ་རིས་གསེར་རྫོང་།,W1KG16805
I0595B408,སྡེ་དགེའི་བྲོ་ཆེན།,W1KG24104
IAE944CB3,ལེགས་བཤད་དཔེ་ཚོགས་ནོར་བུའི་ཕྲེང་བ། （༡）,W1GS54156
I2668D101,མཐིང་མུ་ནི་ལྷ་རྫོང་།,W3PD397
I3121C335,དགེ་ཚུལ་ལྔ་བཅུ་པའི་ཁྲིད་ཟིན་ཚུལ་ཁྲིམས་གསལ་བའི་ཉིན་བྱེད།,W1KG15855
I22E22B32,མངོན་རྟོགས་རྒྱན་གྱི་གཞུང་སྔ་ཕྱིའི་འབྲེལ་བ་དང་དཀའ་གནས་ལ་དཔྱད་པ་སྦས་དོན་ཟབ་མོའི་གཏེར་གྱི་ཁ་འབྱེད།,W3CN4726
I81883768,ཤང་ཤང་སྨན་རྫོང་།,W1PD137786
I7EB88E29,གཉུག་སེམས་སྐོར་གསུམ་དང་གཞུང་སྤྱིའི་དཀའ་གནད།,W3CN4311
IDDADA826,ཀན་ལྷོའི་དམངས་སྲོལ།,W1PD133151
I44BAF48F,མངོན་རྟོགས་རྒྱན་གྱི་རྒྱས་བཤད་སྦས་དོན་རབ་གསལ་དང་ཞུགས་གནས་ཀྱི་རྣམ་གཞག,W3CN4307
I39175733,པདྨ་བཀའ་ཐང་།,W17320
IE2999392,བཟང་སྤྱོད་སྨོན་ལམ་གྱི་ཟིན་བྲིས་མཁན་ཆེན་འཇིགས་མེད་ཕུན་ཚོགས་ཀྱི་ཞལ་ལུང་།,W3CN4771
I3987B941,ཨ་མདོའི་གཏམ་དཔེ་མཁས་པའི་མགྲིན་རྒྱན།,W1PD137852
I4BF2263E,ཞ་རྣམ་བྲ་གསུམ་གྱི་སུམ་རྟགས་འགྲེལ་པ་ཕྱོགས་བསྒྲིགས་མུན་སེལ་སྒྲོན་མེ།,W1KG18765
I8B8FB4B8,དཀའ་ཆེན་ངག་སྒྲོས།,W3CN4780
I0664F2A6,བྱ་ཚིག་དུས་གསུམ་གྱི་རྣམ་བཞག་ཕྱོགས་བསྒྲིགས།,W1KG12625
I81FAF58F,ཇོ་རུའི་རྣམ་ཐར།,W1KG17281
IA45DB4CB,རྒྱུད་སྨད་ཆོས་ཐོག་ཁག་གི་ལོ་རྒྱུས།,W1KG25068
IBA9A65C0,མཁས་གྲུབ་བླ་མ་དུ་མའི་གསུང་བྱིན་རླབས་ཅན་ཕྱོགས་གཅིག་ཏུ་བསྡུས་པ།,W3CN4343
I1EFC113B,ཐར་པའི་གྲུ་གཟིངས།,W3CN4336
I848FCC54,ཟློས་གར་པད་མའི་དགའ་ཚལ།,W1AC282
I80F3AB38,ཐོག་ཁང་དམར་པོའི་རྨི་ལམ།,W21765
IFDDF12DF,རོང་ཆེན་ལྗགས་ནག་པ་ཀིརྟི་སྐུ་འཕྲེང་རིམ་བྱོན་གྱི་རྣམ་ཐར་ཕྱོགས་བསྒྲིགས།,W2DB5974
ID013D622,གུང་རུ་རྒྱལ་མཚན་བཟང་པོའི་སྟོང་ཐུན་དང་རྣམ་ཐར།,W1AC34
I98F22FFF,སྐབས་དང་པོའི་དོགས་སྤྱོད་བློ་གསལ་རིགས་སྨྲའི་རྒྱན།,W1KG21275
IC9F2029D,དྲིན་ལན་བསབ་པའི་མདོ།,W3CN8173
I1D3B4B3B,ཀརྨ་བསྟན་འཕེལ་གྱི་སྨན་ཡིག,W1KG24723
IA64AC869,ཀརྨ་སི་ཏུའི་སུམ་རྟགས་འགྲེལ་ཆེན་མཁས་པའི་མགུལ་རྒྱན་མུ་རིག་འཕྲེང་མཛེས།,W1KG25180
IC436846F,འབྲི་གུང་གསོ་རིག་གཅེས་བསྡུས།,W1KG14674
IF9C2A9CC,གཡུ་ཁོག་རྒྱ་སྤྲུལ་རིག་འཛིན་ལུང་རིག་གླིང་པའི་གསུང་འབུམ་གཅེས་བསྡུས།,W1PD137838
ID0164221,ཚིག་དོན་རིན་པོ་ཆེའི་མཛོད།,W3CN4957
I8012129A,རྫོགས་པ་ཆེན་པོ་ཀློང་ཆེན་སྙིང་ཐིག་གི་སྔོན་འགྲོའི་ཁྲིད་ཡིག་ཀུན་བཟང་བླ་མའི་ཞལ་ལུང་གི་ཟིན་བྲིས།,W3CN5456
IAD74D86F,དགའ་ལྡན་ཁྲི་ཆེན་རིམ་བྱོན་གྱི་རྣམ་ཐར།,W1AC17
I4BBC57B2,མངོན་པ་ཀུན་བཏུས་ཀྱི་སྡོམ་བྱང་དང་མཆན་འགྲེལ།,W3CN3384
IFD2C3B98,རྫོགས་པ་ཆེན་པོ་ངལ་གསོ་སྐོར་གསུམ།,W1KG20707
I9088FFEF,སྤྱི་དོན་ཤེས་བྱ་རབ་གསལ། གསུང་སྒྲོས་ཕན་བྱེད་རིག་པའི་མཛོད།,W1AC415
IF43A3F9F,སྒྲ་སྒྱུར་མར་པ་ལོ་ཙཱའི་རྣམ་ཐར་ཆེན་མོ་མཐོང་བ་དོན་ཡོད།,W1KG25300
I7B3ADCD2,བོད་ཀྱི་སྐྱེས་ཆེན་དམ་པ་རྣམས་ཀྱི་རྣམ་ཐར་ཕྱོགས་བསྒྲིགས།,W3CN5285
ID6DDC566,ནང་ཆེན་སྐྱབས་མགོན་ཨ་ལྡེའུ་རིན་པོ་ཆེ་གྲུབ་རིགས་ཁྱུ་མཚོག་གི་རྣམ་ཐར།,W3CN5174
I1D81AE26,སུམ་རྟགས་ཀྱི་འགྲེལ་པ་བློ་གསར་འཇུག་ངོགས།,W3CN558
I822BDD9D,བོད་ཀྱི་སྐར་རྩིས་རིག་པའི་རྣམ་བཞག,W1KG21760
IC69E2202,ཧུ་མ་དང་ཧུ་མའི་སྒྲུང་རབས་ཆེན་མོའི་དཔྱད་གླེང་།,W1KG22951
I028DD04D,རྗེ་བཙུན་ལམ་རིམ་པ་ངག་དབང་ཕུན་ཚོགས་ཀྱི་གསུང་འབུམ།,W1PD137798
I8858CF55,དྲང་ངེས་རྣམ་འབྱེད་ཀྱི་དཀའ་འགྲེལ་དགོངས་པ་རབ་གསལ།,W1KG24618
I0B74AEE0,དཔལ་དྭགས་པོ་ཟླ་འོད་གཞོན་ནུའི་ཚོགས་ཆོས་དང་ཞུས་ལན་ཕྱོགས་བསྡུས་མཉམ་མེད་བླ་མའི་ཞལ་སྐྱིན།,W1AC325
IA17C63AA,དབུ་མ་ལ་འཇུག་པའི་སྤྱི་དོན་སྐལ་བཟང་མགུལ་རྒྱན།,W1KG15937
I2A2B4605,ངལ་རྩོལ་སྐོར་གྱི་རྩོད་གླེང་།,W1AC439
IBCB72BCB,ཡེ་ཤེས་ཀྱི་ཌཱ་ཀི་མ་ཇོ་མོ་ལབ་སྒྲོན་གྱི་རྣམ་ཐར་དང་བཀའ་ཚོམས་ཆེན་མོ་སོགས།,W1KG25228
I1C8354F8,བྱ་བ་ཀུན་ལས་བཏུས་པ།,W1KG9032
I666A2AD7,ཤུག་གསེབ་རྗེ་བཙུན་མའི་གསུང་རྣམ་སོགས།,W3CN8057
IDDDDBFEB,ཟུར་བཀོལ་བཞིའི་མཐའ་དཔྱོད་མཁས་པའི་མགུལ་རྒྱན།,W1KG16147
IDDF88EE5,ཕེ་ཌོ།,W1KG23490
I22CD49D1,མ་ཅིག་ལབ་སྒྲོན་གྱི་གཅོད་ཀྱི་འཁྲིད་ཡིག,W1KG24644
I444F511A,མདོ་སྡེ་ལས་བརྒྱ་པ།,W3CN4801
ID85D179B,སློབ་གྲྭ་ཆེན་མོའི་སུམ་རྟགས་སློབ་དེབ།,W1PD152295
I88149D1D,དུས་རབས་ཉེར་གཅིག་པའི་སྙིང་གཏམ།,W21864
IEA7EC335,འབྲུག་པ་སངས་རྒྱས་རྡོ་རྗེའི་གསུང་སྔོན་འགྲོའི་སྐོར།,W1KG26107
